15-04-22 12:34:38,201 INFO  ServerListener - 
$$$$$$$$$$$$$$$$$$$$$$$$$$$$$$$$$$$$$$$$$$$$$$$$$$$$$$$$$$$$ 
虚拟机占用总内存:120320 K 
虚拟机空闲内存:105754 K 
当前使用内存:0 K = 0 M 
$$$$$$$$$$$$$$$$$$$$$$$$$$$$$$$$$$$$$$$$$$$$$$$$$$$$$$$$$$$$ 

15-04-22 12:34:38,204 INFO  ServerListener - ================startUp condor_active end=============================
15-04-22 12:34:54,965 INFO  ServerListener - 
$$$$$$$$$$$$$$$$$$$$$$$$$$$$$$$$$$$$$$$$$$$$$$$$$$$$$$$$$$$$ 
虚拟机占用总内存:120320 K 
虚拟机空闲内存:105754 K 
当前使用内存:0 K = 0 M 
$$$$$$$$$$$$$$$$$$$$$$$$$$$$$$$$$$$$$$$$$$$$$$$$$$$$$$$$$$$$ 

15-04-22 12:34:54,966 INFO  ServerListener - ================startUp condor_active end=============================
15-04-22 14:21:11,331 INFO  ServerListener - 
$$$$$$$$$$$$$$$$$$$$$$$$$$$$$$$$$$$$$$$$$$$$$$$$$$$$$$$$$$$$ 
虚拟机占用总内存:120320 K 
虚拟机空闲内存:106410 K 
当前使用内存:0 K = 0 M 
$$$$$$$$$$$$$$$$$$$$$$$$$$$$$$$$$$$$$$$$$$$$$$$$$$$$$$$$$$$$ 

15-04-22 14:21:11,332 INFO  ServerListener - ================startUp condor_active end=============================
